<?xml version="1.0" encoding="UTF-8"?>
<!-- Generated by org.testng.reporters.JUnitReportReporter -->
<testsuite hostname="TYSS" failures="0" tests="1" name="test_Scripts.TC_OFOS_004" time="5.971" errors="0" timestamp="2023-09-13T02:54:42 IST" skipped="0">
  <testcase classname="test_Scripts.TC_OFOS_004" name="StuffedOrderingFood" time="5.971"/>
  <system-out>
    <![CDATA[Browser window is maximized successfully]]>
  </system-out>
</testsuite> <!-- test_Scripts.TC_OFOS_004 -->
