<?xml version="1.0" encoding="UTF-8"?>
<!-- Generated by org.testng.reporters.JUnitReportReporter -->
<testsuite hostname="TYSS" failures="0" tests="1" name="test_Scripts.TC_OFOS_003" time="5.358" errors="0" timestamp="2023-09-13T02:54:13 IST" skipped="0">
  <testcase classname="test_Scripts.TC_OFOS_003" name="LobsterOrdering" time="5.358"/>
  <system-out>
    <![CDATA[Browser window is maximized successfully]]>
  </system-out>
</testsuite> <!-- test_Scripts.TC_OFOS_003 -->
